# JRE version: OpenJDK Runtime Environment (11.0.10) (build 11.0.10+0-b96-7249189)
# Java VM: OpenJDK 64-Bit Server VM (11.0.10+0-b96-7249189, mixed mode, tiered, compressed oops, g1 gc, windows-amd64)
Heap:
 garbage-first heap   total 201728K, used 112640K [0x0000000080000000, 0x0000000100000000)
  region size 1024K, 4 young (4096K), 4 survivors (4096K)
 Metaspace       used 90681K, capacity 93068K, committed 93312K, reserved 1130496K
  class space    used 11887K, capacity 12818K, committed 12928K, reserved 1048576K
GC Heap History (20 events):
Event: 12.623 GC heap after
{Heap after GC invocations=17 (full 0):
 garbage-first heap   total 138240K, used 53681K [0x0000000080000000, 0x0000000100000000)
  region size 1024K, 5 young (5120K), 5 survivors (5120K)
 Metaspace       used 68499K, capacity 70129K, committed 70144K, reserved 1110016K
  class space    used 8868K, capacity 9464K, committed 9472K, reserved 1048576K
}
Event: 13.767 GC heap before
{Heap before GC invocations=17 (full 0):
 garbage-first heap   total 138240K, used 108977K [0x0000000080000000, 0x0000000100000000)
  region size 1024K, 59 young (60416K), 5 survivors (5120K)
 Metaspace       used 74914K, capacity 76713K, committed 77056K, reserved 1116160K
  class space    used 9776K, capacity 10403K, committed 10496K, reserved 1048576K
}
Event: 13.775 GC heap after
{Heap after GC invocations=18 (full 0):
 garbage-first heap   total 138240K, used 56426K [0x0000000080000000, 0x0000000100000000)
  region size 1024K, 8 young (8192K), 8 survivors (8192K)
 Metaspace       used 74914K, capacity 76713K, committed 77056K, reserved 1116160K
  class space    used 9776K, capacity 10403K, committed 10496K, reserved 1048576K
}
Event: 14.961 GC heap before
{Heap before GC invocations=18 (full 0):
 garbage-first heap   total 138240K, used 109674K [0x0000000080000000, 0x0000000100000000)
  region size 1024K, 61 young (62464K), 8 survivors (8192K)
 Metaspace       used 78363K, capacity 80408K, committed 80512K, reserved 1118208K
  class space    used 10304K, capacity 11056K, committed 11136K, reserved 1048576K
}
Event: 14.972 GC heap after
{Heap after GC invocations=19 (full 0):
 garbage-first heap   total 138240K, used 60768K [0x0000000080000000, 0x0000000100000000)
  region size 1024K, 8 young (8192K), 8 survivors (8192K)
 Metaspace       used 78363K, capacity 80408K, committed 80512K, reserved 1118208K
  class space    used 10304K, capacity 11056K, committed 11136K, reserved 1048576K
}
Event: 15.848 GC heap before
{Heap before GC invocations=19 (full 0):
 garbage-first heap   total 138240K, used 110944K [0x0000000080000000, 0x0000000100000000)
  region size 1024K, 58 young (59392K), 8 survivors (8192K)
 Metaspace       used 79907K, capacity 81955K, committed 82176K, reserved 1120256K
  class space    used 10432K, capacity 11197K, committed 11264K, reserved 1048576K
}
Event: 15.860 GC heap after
{Heap after GC invocations=20 (full 0):
 garbage-first heap   total 165888K, used 63975K [0x0000000080000000, 0x0000000100000000)
  region size 1024K, 4 young (4096K), 4 survivors (4096K)
 Metaspace       used 79907K, capacity 81955K, committed 82176K, reserved 1120256K
  class space    used 10432K, capacity 11197K, committed 11264K, reserved 1048576K
}
Event: 16.738 GC heap before
{Heap before GC invocations=20 (full 0):
 garbage-first heap   total 165888K, used 128487K [0x0000000080000000, 0x0000000100000000)
  region size 1024K, 68 young (69632K), 4 survivors (4096K)
 Metaspace       used 83597K, capacity 85715K, committed 86016K, reserved 1124352K
  class space    used 10876K, capacity 11652K, committed 11776K, reserved 1048576K
}
Event: 16.749 GC heap after
{Heap after GC invocations=21 (full 0):
 garbage-first heap   total 165888K, used 66628K [0x0000000080000000, 0x0000000100000000)
  region size 1024K, 7 young (7168K), 7 survivors (7168K)
 Metaspace       used 83597K, capacity 85715K, committed 86016K, reserved 1124352K
  class space    used 10876K, capacity 11652K, committed 11776K, reserved 1048576K
}
Event: 17.276 GC heap before
{Heap before GC invocations=21 (full 0):
 garbage-first heap   total 165888K, used 130116K [0x0000000080000000, 0x0000000100000000)
  region size 1024K, 70 young (71680K), 7 survivors (7168K)
 Metaspace       used 85164K, capacity 87359K, committed 87424K, reserved 1124352K
  class space    used 11085K, capacity 11891K, committed 11904K, reserved 1048576K
}
Event: 17.286 GC heap after
{Heap after GC invocations=22 (full 0):
 garbage-first heap   total 165888K, used 79653K [0x0000000080000000, 0x0000000100000000)
  region size 1024K, 9 young (9216K), 9 survivors (9216K)
 Metaspace       used 85164K, capacity 87359K, committed 87424K, reserved 1124352K
  class space    used 11085K, capacity 11891K, committed 11904K, reserved 1048576K
}
Event: 17.712 GC heap before
{Heap before GC invocations=22 (full 0):
 garbage-first heap   total 165888K, used 128805K [0x0000000080000000, 0x0000000100000000)
  region size 1024K, 58 young (59392K), 9 survivors (9216K)
 Metaspace       used 88217K, capacity 90573K, committed 90880K, reserved 1128448K
  class space    used 11571K, capacity 12471K, committed 12544K, reserved 1048576K
}
Event: 17.726 GC heap after
{Heap after GC invocations=23 (full 0):
 garbage-first heap   total 165888K, used 86311K [0x0000000080000000, 0x0000000100000000)
  region size 1024K, 8 young (8192K), 8 survivors (8192K)
 Metaspace       used 88217K, capacity 90573K, committed 90880K, reserved 1128448K
  class space    used 11571K, capacity 12471K, committed 12544K, reserved 1048576K
}
Event: 17.940 GC heap before
{Heap before GC invocations=23 (full 0):
 garbage-first heap   total 165888K, used 129319K [0x0000000080000000, 0x0000000100000000)
  region size 1024K, 50 young (51200K), 8 survivors (8192K)
 Metaspace       used 89541K, capacity 91959K, committed 92160K, reserved 1128448K
  class space    used 11758K, capacity 12696K, committed 12800K, reserved 1048576K
}
Event: 17.978 GC heap after
{Heap after GC invocations=24 (full 0):
 garbage-first heap   total 165888K, used 93839K [0x0000000080000000, 0x0000000100000000)
  region size 1024K, 7 young (7168K), 7 survivors (7168K)
 Metaspace       used 89541K, capacity 91959K, committed 92160K, reserved 1128448K
  class space    used 11758K, capacity 12696K, committed 12800K, reserved 1048576K
}
Event: 18.170 GC heap before
{Heap before GC invocations=24 (full 0):
 garbage-first heap   total 165888K, used 130703K [0x0000000080000000, 0x0000000100000000)
  region size 1024K, 43 young (44032K), 7 survivors (7168K)
 Metaspace       used 90087K, capacity 92369K, committed 92928K, reserved 1130496K
  class space    used 11777K, capacity 12674K, committed 12800K, reserved 1048576K
}
Event: 18.189 GC heap after
{Heap after GC invocations=25 (full 0):
 garbage-first heap   total 165888K, used 101113K [0x0000000080000000, 0x0000000100000000)
  region size 1024K, 6 young (6144K), 6 survivors (6144K)
 Metaspace       used 90087K, capacity 92369K, committed 92928K, reserved 1130496K
  class space    used 11777K, capacity 12674K, committed 12800K, reserved 1048576K
}
Event: 18.276 GC heap before
{Heap before GC invocations=26 (full 0):
 garbage-first heap   total 165888K, used 132857K [0x0000000080000000, 0x0000000100000000)
  region size 1024K, 37 young (37888K), 6 survivors (6144K)
 Metaspace       used 90263K, capacity 92620K, committed 93056K, reserved 1130496K
  class space    used 11814K, capacity 12734K, committed 12928K, reserved 1048576K
}
Event: 18.295 GC heap after
{Heap after GC invocations=27 (full 0):
 garbage-first heap   total 165888K, used 107520K [0x0000000080000000, 0x0000000100000000)
  region size 1024K, 5 young (5120K), 5 survivors (5120K)
 Metaspace       used 90263K, capacity 92620K, committed 93056K, reserved 1130496K
  class space    used 11814K, capacity 12734K, committed 12928K, reserved 1048576K
}
Event: 18.356 GC heap before
{Heap before GC invocations=27 (full 0):
 garbage-first heap   total 165888K, used 135168K [0x0000000080000000, 0x0000000100000000)
  region size 1024K, 32 young (32768K), 5 survivors (5120K)
 Metaspace       used 90681K, capacity 93068K, committed 93312K, reserved 1130496K
  class space    used 11887K, capacity 12818K, committed 12928K, reserved 1048576K
}

