# JRE version: OpenJDK Runtime Environment (11.0.12+7) (build 11.0.12+7-b1504.28-7817840)
# Java VM: OpenJDK 64-Bit Server VM (11.0.12+7-b1504.28-7817840, mixed mode, tiered, compressed oops, g1 gc, windows-amd64)
Heap:
 garbage-first heap   total 448512K, used 178507K [0x0000000080000000, 0x0000000100000000)
  region size 1024K, 7 young (7168K), 7 survivors (7168K)
 Metaspace       used 102038K, capacity 104426K, committed 104652K, reserved 1140736K
  class space    used 13208K, capacity 14135K, committed 14284K, reserved 1048576K
GC Heap History (20 events):
Event: 21.338 GC heap after
{Heap after GC invocations=29 (full 0):
 garbage-first heap   total 315392K, used 173004K [0x0000000080000000, 0x0000000100000000)
  region size 1024K, 2 young (2048K), 2 survivors (2048K)
 Metaspace       used 100182K, capacity 102558K, committed 102988K, reserved 1138688K
  class space    used 13074K, capacity 13963K, committed 14156K, reserved 1048576K
}
Event: 21.816 GC heap before
{Heap before GC invocations=29 (full 0):
 garbage-first heap   total 315392K, used 254924K [0x0000000080000000, 0x0000000100000000)
  region size 1024K, 82 young (83968K), 2 survivors (2048K)
 Metaspace       used 100383K, capacity 102740K, committed 103372K, reserved 1138688K
  class space    used 13070K, capacity 13972K, committed 14284K, reserved 1048576K
}
Event: 21.824 GC heap after
{Heap after GC invocations=30 (full 0):
 garbage-first heap   total 315392K, used 175250K [0x0000000080000000, 0x0000000100000000)
  region size 1024K, 4 young (4096K), 4 survivors (4096K)
 Metaspace       used 100383K, capacity 102740K, committed 103372K, reserved 1138688K
  class space    used 13070K, capacity 13972K, committed 14284K, reserved 1048576K
}
Event: 22.002 GC heap before
{Heap before GC invocations=31 (full 0):
 garbage-first heap   total 315392K, used 258194K [0x0000000080000000, 0x0000000100000000)
  region size 1024K, 85 young (87040K), 4 survivors (4096K)
 Metaspace       used 100464K, capacity 102814K, committed 103372K, reserved 1138688K
  class space    used 13071K, capacity 13975K, committed 14284K, reserved 1048576K
}
Event: 22.011 GC heap after
{Heap after GC invocations=32 (full 0):
 garbage-first heap   total 315392K, used 175242K [0x0000000080000000, 0x0000000100000000)
  region size 1024K, 4 young (4096K), 4 survivors (4096K)
 Metaspace       used 100464K, capacity 102814K, committed 103372K, reserved 1138688K
  class space    used 13071K, capacity 13975K, committed 14284K, reserved 1048576K
}
Event: 22.192 GC heap before
{Heap before GC invocations=32 (full 0):
 garbage-first heap   total 315392K, used 259210K [0x0000000080000000, 0x0000000100000000)
  region size 1024K, 87 young (89088K), 4 survivors (4096K)
 Metaspace       used 100513K, capacity 102879K, committed 103628K, reserved 1138688K
  class space    used 13071K, capacity 13975K, committed 14284K, reserved 1048576K
}
Event: 22.201 GC heap after
{Heap after GC invocations=33 (full 0):
 garbage-first heap   total 315392K, used 176168K [0x0000000080000000, 0x0000000100000000)
  region size 1024K, 5 young (5120K), 5 survivors (5120K)
 Metaspace       used 100513K, capacity 102879K, committed 103628K, reserved 1138688K
  class space    used 13071K, capacity 13975K, committed 14284K, reserved 1048576K
}
Event: 22.532 GC heap before
{Heap before GC invocations=33 (full 0):
 garbage-first heap   total 315392K, used 262184K [0x0000000080000000, 0x0000000100000000)
  region size 1024K, 89 young (91136K), 5 survivors (5120K)
 Metaspace       used 100803K, capacity 103155K, committed 103884K, reserved 1138688K
  class space    used 13073K, capacity 13978K, committed 14284K, reserved 1048576K
}
Event: 22.542 GC heap after
{Heap after GC invocations=34 (full 0):
 garbage-first heap   total 378880K, used 176506K [0x0000000080000000, 0x0000000100000000)
  region size 1024K, 5 young (5120K), 5 survivors (5120K)
 Metaspace       used 100803K, capacity 103155K, committed 103884K, reserved 1138688K
  class space    used 13073K, capacity 13978K, committed 14284K, reserved 1048576K
}
Event: 22.865 GC heap before
{Heap before GC invocations=35 (full 0):
 garbage-first heap   total 378880K, used 294266K [0x0000000080000000, 0x0000000100000000)
  region size 1024K, 120 young (122880K), 5 survivors (5120K)
 Metaspace       used 100940K, capacity 103305K, committed 103884K, reserved 1138688K
  class space    used 13075K, capacity 13982K, committed 14284K, reserved 1048576K
}
Event: 22.874 GC heap after
{Heap after GC invocations=36 (full 0):
 garbage-first heap   total 378880K, used 176360K [0x0000000080000000, 0x0000000100000000)
  region size 1024K, 5 young (5120K), 5 survivors (5120K)
 Metaspace       used 100940K, capacity 103305K, committed 103884K, reserved 1138688K
  class space    used 13075K, capacity 13982K, committed 14284K, reserved 1048576K
}
Event: 23.068 GC heap before
{Heap before GC invocations=36 (full 0):
 garbage-first heap   total 378880K, used 298216K [0x0000000080000000, 0x0000000100000000)
  region size 1024K, 124 young (126976K), 5 survivors (5120K)
 Metaspace       used 101016K, capacity 103386K, committed 103884K, reserved 1138688K
  class space    used 13081K, capacity 13986K, committed 14284K, reserved 1048576K
}
Event: 23.079 GC heap after
{Heap after GC invocations=37 (full 0):
 garbage-first heap   total 378880K, used 175565K [0x0000000080000000, 0x0000000100000000)
  region size 1024K, 4 young (4096K), 4 survivors (4096K)
 Metaspace       used 101016K, capacity 103386K, committed 103884K, reserved 1138688K
  class space    used 13081K, capacity 13986K, committed 14284K, reserved 1048576K
}
Event: 23.531 GC heap before
{Heap before GC invocations=37 (full 0):
 garbage-first heap   total 378880K, used 303565K [0x0000000080000000, 0x0000000100000000)
  region size 1024K, 129 young (132096K), 4 survivors (4096K)
 Metaspace       used 101063K, capacity 103453K, committed 104140K, reserved 1138688K
  class space    used 13081K, capacity 13986K, committed 14284K, reserved 1048576K
}
Event: 23.541 GC heap after
{Heap after GC invocations=38 (full 0):
 garbage-first heap   total 378880K, used 176524K [0x0000000080000000, 0x0000000100000000)
  region size 1024K, 5 young (5120K), 5 survivors (5120K)
 Metaspace       used 101063K, capacity 103453K, committed 104140K, reserved 1138688K
  class space    used 13081K, capacity 13986K, committed 14284K, reserved 1048576K
}
Event: 23.781 GC heap before
{Heap before GC invocations=39 (full 0):
 garbage-first heap   total 378880K, used 308620K [0x0000000080000000, 0x0000000100000000)
  region size 1024K, 134 young (137216K), 5 survivors (5120K)
 Metaspace       used 101206K, capacity 103571K, committed 104140K, reserved 1138688K
  class space    used 13102K, capacity 14003K, committed 14284K, reserved 1048576K
}
Event: 23.792 GC heap after
{Heap after GC invocations=40 (full 0):
 garbage-first heap   total 378880K, used 177052K [0x0000000080000000, 0x0000000100000000)
  region size 1024K, 6 young (6144K), 6 survivors (6144K)
 Metaspace       used 101206K, capacity 103571K, committed 104140K, reserved 1138688K
  class space    used 13102K, capacity 14003K, committed 14284K, reserved 1048576K
}
Event: 24.031 GC heap before
{Heap before GC invocations=40 (full 0):
 garbage-first heap   total 378880K, used 311196K [0x0000000080000000, 0x0000000100000000)
  region size 1024K, 138 young (141312K), 6 survivors (6144K)
 Metaspace       used 101894K, capacity 104300K, committed 104652K, reserved 1140736K
  class space    used 13188K, capacity 14117K, committed 14284K, reserved 1048576K
}
Event: 24.042 GC heap after
{Heap after GC invocations=41 (full 0):
 garbage-first heap   total 378880K, used 177996K [0x0000000080000000, 0x0000000100000000)
  region size 1024K, 7 young (7168K), 7 survivors (7168K)
 Metaspace       used 101894K, capacity 104300K, committed 104652K, reserved 1140736K
  class space    used 13188K, capacity 14117K, committed 14284K, reserved 1048576K
}
Event: 24.551 GC heap before
{Heap before GC invocations=41 (full 0):
 garbage-first heap   total 378880K, used 316236K [0x0000000080000000, 0x0000000100000000)
  region size 1024K, 142 young (145408K), 7 survivors (7168K)
 Metaspace       used 102038K, capacity 104426K, committed 104652K, reserved 1140736K
  class space    used 13208K, capacity 14135K, committed 14284K, reserved 1048576K
}

