# JRE version: OpenJDK Runtime Environment (11.0.10) (build 11.0.10+0-b96-7249189)
# Java VM: OpenJDK 64-Bit Server VM (11.0.10+0-b96-7249189, mixed mode, tiered, compressed oops, g1 gc, windows-amd64)
Heap:
 garbage-first heap   total 165888K, used 113424K [0x0000000080000000, 0x0000000100000000)
  region size 1024K, 16 young (16384K), 3 survivors (3072K)
 Metaspace       used 89438K, capacity 91629K, committed 92160K, reserved 1128448K
  class space    used 11645K, capacity 12409K, committed 12620K, reserved 1048576K
GC Heap History (20 events):
Event: 18.220 GC heap before
{Heap before GC invocations=18 (full 0):
 garbage-first heap   total 138240K, used 108504K [0x0000000080000000, 0x0000000100000000)
  region size 1024K, 53 young (54272K), 3 survivors (3072K)
 Metaspace       used 77555K, capacity 79452K, committed 79744K, reserved 1118208K
  class space    used 10197K, capacity 10915K, committed 10956K, reserved 1048576K
}
Event: 18.231 GC heap after
{Heap after GC invocations=19 (full 0):
 garbage-first heap   total 138240K, used 60924K [0x0000000080000000, 0x0000000100000000)
  region size 1024K, 7 young (7168K), 7 survivors (7168K)
 Metaspace       used 77555K, capacity 79452K, committed 79744K, reserved 1118208K
  class space    used 10197K, capacity 10915K, committed 10956K, reserved 1048576K
}
Event: 19.304 GC heap before
{Heap before GC invocations=19 (full 0):
 garbage-first heap   total 138240K, used 109052K [0x0000000080000000, 0x0000000100000000)
  region size 1024K, 55 young (56320K), 7 survivors (7168K)
 Metaspace       used 78749K, capacity 80747K, committed 81024K, reserved 1120256K
  class space    used 10323K, capacity 11093K, committed 11212K, reserved 1048576K
}
Event: 19.315 GC heap after
{Heap after GC invocations=20 (full 0):
 garbage-first heap   total 138240K, used 64302K [0x0000000080000000, 0x0000000100000000)
  region size 1024K, 7 young (7168K), 7 survivors (7168K)
 Metaspace       used 78749K, capacity 80747K, committed 81024K, reserved 1120256K
  class space    used 10323K, capacity 11093K, committed 11212K, reserved 1048576K
}
Event: 20.073 GC heap before
{Heap before GC invocations=20 (full 0):
 garbage-first heap   total 138240K, used 110382K [0x0000000080000000, 0x0000000100000000)
  region size 1024K, 53 young (54272K), 7 survivors (7168K)
 Metaspace       used 81610K, capacity 83630K, committed 83840K, reserved 1122304K
  class space    used 10660K, capacity 11410K, committed 11468K, reserved 1048576K
}
Event: 20.082 GC heap after
{Heap after GC invocations=21 (full 0):
 garbage-first heap   total 138240K, used 66338K [0x0000000080000000, 0x0000000100000000)
  region size 1024K, 6 young (6144K), 6 survivors (6144K)
 Metaspace       used 81610K, capacity 83630K, committed 83840K, reserved 1122304K
  class space    used 10660K, capacity 11410K, committed 11468K, reserved 1048576K
}
Event: 20.771 GC heap before
{Heap before GC invocations=21 (full 0):
 garbage-first heap   total 138240K, used 111394K [0x0000000080000000, 0x0000000100000000)
  region size 1024K, 51 young (52224K), 6 survivors (6144K)
 Metaspace       used 83722K, capacity 85807K, committed 85888K, reserved 1124352K
  class space    used 10887K, capacity 11678K, committed 11724K, reserved 1048576K
}
Event: 20.780 GC heap after
{Heap after GC invocations=22 (full 0):
 garbage-first heap   total 138240K, used 69365K [0x0000000080000000, 0x0000000100000000)
  region size 1024K, 5 young (5120K), 5 survivors (5120K)
 Metaspace       used 83722K, capacity 85807K, committed 85888K, reserved 1124352K
  class space    used 10887K, capacity 11678K, committed 11724K, reserved 1048576K
}
Event: 21.096 GC heap before
{Heap before GC invocations=22 (full 0):
 garbage-first heap   total 138240K, used 112373K [0x0000000080000000, 0x0000000100000000)
  region size 1024K, 48 young (49152K), 5 survivors (5120K)
 Metaspace       used 84847K, capacity 87065K, committed 87424K, reserved 1124352K
  class space    used 11056K, capacity 11854K, committed 11980K, reserved 1048576K
}
Event: 21.108 GC heap after
{Heap after GC invocations=23 (full 0):
 garbage-first heap   total 138240K, used 77507K [0x0000000080000000, 0x0000000100000000)
  region size 1024K, 6 young (6144K), 6 survivors (6144K)
 Metaspace       used 84847K, capacity 87065K, committed 87424K, reserved 1124352K
  class space    used 11056K, capacity 11854K, committed 11980K, reserved 1048576K
}
Event: 21.426 GC heap before
{Heap before GC invocations=24 (full 0):
 garbage-first heap   total 138240K, used 110275K [0x0000000080000000, 0x0000000100000000)
  region size 1024K, 39 young (39936K), 6 survivors (6144K)
 Metaspace       used 86736K, capacity 88993K, committed 89216K, reserved 1126400K
  class space    used 11349K, capacity 12170K, committed 12236K, reserved 1048576K
}
Event: 21.433 GC heap after
{Heap after GC invocations=25 (full 0):
 garbage-first heap   total 138240K, used 82187K [0x0000000080000000, 0x0000000100000000)
  region size 1024K, 5 young (5120K), 5 survivors (5120K)
 Metaspace       used 86736K, capacity 88993K, committed 89216K, reserved 1126400K
  class space    used 11349K, capacity 12170K, committed 12236K, reserved 1048576K
}
Event: 21.698 GC heap before
{Heap before GC invocations=25 (full 0):
 garbage-first heap   total 138240K, used 109835K [0x0000000080000000, 0x0000000100000000)
  region size 1024K, 32 young (32768K), 5 survivors (5120K)
 Metaspace       used 88169K, capacity 90431K, committed 90752K, reserved 1128448K
  class space    used 11535K, capacity 12370K, committed 12492K, reserved 1048576K
}
Event: 21.713 GC heap after
{Heap after GC invocations=26 (full 0):
 garbage-first heap   total 138240K, used 87163K [0x0000000080000000, 0x0000000100000000)
  region size 1024K, 4 young (4096K), 4 survivors (4096K)
 Metaspace       used 88169K, capacity 90431K, committed 90752K, reserved 1128448K
  class space    used 11535K, capacity 12370K, committed 12492K, reserved 1048576K
}
Event: 21.926 GC heap before
{Heap before GC invocations=27 (full 0):
 garbage-first heap   total 138240K, used 111739K [0x0000000080000000, 0x0000000100000000)
  region size 1024K, 28 young (28672K), 4 survivors (4096K)
 Metaspace       used 88603K, capacity 90911K, committed 91264K, reserved 1128448K
  class space    used 11583K, capacity 12421K, committed 12492K, reserved 1048576K
}
Event: 21.940 GC heap after
{Heap after GC invocations=28 (full 0):
 garbage-first heap   total 138240K, used 92665K [0x0000000080000000, 0x0000000100000000)
  region size 1024K, 4 young (4096K), 4 survivors (4096K)
 Metaspace       used 88603K, capacity 90911K, committed 91264K, reserved 1128448K
  class space    used 11583K, capacity 12421K, committed 12492K, reserved 1048576K
}
Event: 22.072 GC heap before
{Heap before GC invocations=28 (full 0):
 garbage-first heap   total 138240K, used 112121K [0x0000000080000000, 0x0000000100000000)
  region size 1024K, 24 young (24576K), 4 survivors (4096K)
 Metaspace       used 88953K, capacity 91296K, committed 91648K, reserved 1128448K
  class space    used 11632K, capacity 12485K, committed 12620K, reserved 1048576K
}
Event: 22.084 GC heap after
{Heap after GC invocations=29 (full 0):
 garbage-first heap   total 138240K, used 97274K [0x0000000080000000, 0x0000000100000000)
  region size 1024K, 3 young (3072K), 3 survivors (3072K)
 Metaspace       used 88953K, capacity 91296K, committed 91648K, reserved 1128448K
  class space    used 11632K, capacity 12485K, committed 12620K, reserved 1048576K
}
Event: 22.174 GC heap before
{Heap before GC invocations=29 (full 0):
 garbage-first heap   total 138240K, used 113658K [0x0000000080000000, 0x0000000100000000)
  region size 1024K, 20 young (20480K), 3 survivors (3072K)
 Metaspace       used 89255K, capacity 91552K, committed 91904K, reserved 1128448K
  class space    used 11658K, capacity 12485K, committed 12620K, reserved 1048576K
}
Event: 22.182 GC heap after
{Heap after GC invocations=30 (full 0):
 garbage-first heap   total 165888K, used 101136K [0x0000000080000000, 0x0000000100000000)
  region size 1024K, 3 young (3072K), 3 survivors (3072K)
 Metaspace       used 89255K, capacity 91552K, committed 91904K, reserved 1128448K
  class space    used 11658K, capacity 12485K, committed 12620K, reserved 1048576K
}

