# JRE version: OpenJDK Runtime Environment (11.0.10) (build 11.0.10+0-b96-7249189)
# Java VM: OpenJDK 64-Bit Server VM (11.0.10+0-b96-7249189, mixed mode, tiered, compressed oops, g1 gc, windows-amd64)
Heap:
 garbage-first heap   total 239616K, used 109197K [0x0000000080000000, 0x0000000100000000)
  region size 1024K, 8 young (8192K), 8 survivors (8192K)
 Metaspace       used 100271K, capacity 102944K, committed 103040K, reserved 1138688K
  class space    used 12714K, capacity 13728K, committed 13772K, reserved 1048576K
GC Heap History (20 events):
Event: 21.360 GC heap after
{Heap after GC invocations=30 (full 0):
 garbage-first heap   total 165888K, used 91147K [0x0000000080000000, 0x0000000100000000)
  region size 1024K, 5 young (5120K), 5 survivors (5120K)
 Metaspace       used 85736K, capacity 87879K, committed 88320K, reserved 1126400K
  class space    used 10912K, capacity 11686K, committed 11852K, reserved 1048576K
}
Event: 21.712 GC heap before
{Heap before GC invocations=30 (full 0):
 garbage-first heap   total 165888K, used 129035K [0x0000000080000000, 0x0000000100000000)
  region size 1024K, 43 young (44032K), 5 survivors (5120K)
 Metaspace       used 86203K, capacity 88338K, committed 88832K, reserved 1126400K
  class space    used 10923K, capacity 11686K, committed 11852K, reserved 1048576K
}
Event: 21.721 GC heap after
{Heap after GC invocations=31 (full 0):
 garbage-first heap   total 165888K, used 92061K [0x0000000080000000, 0x0000000100000000)
  region size 1024K, 2 young (2048K), 2 survivors (2048K)
 Metaspace       used 86203K, capacity 88338K, committed 88832K, reserved 1126400K
  class space    used 10923K, capacity 11686K, committed 11852K, reserved 1048576K
}
Event: 22.258 GC heap before
{Heap before GC invocations=32 (full 0):
 garbage-first heap   total 165888K, used 121757K [0x0000000080000000, 0x0000000100000000)
  region size 1024K, 41 young (41984K), 2 survivors (2048K)
 Metaspace       used 87383K, capacity 89536K, committed 89984K, reserved 1128448K
  class space    used 11016K, capacity 11782K, committed 11980K, reserved 1048576K
}
Event: 22.264 GC heap after
{Heap after GC invocations=33 (full 0):
 garbage-first heap   total 165888K, used 84445K [0x0000000080000000, 0x0000000100000000)
  region size 1024K, 3 young (3072K), 3 survivors (3072K)
 Metaspace       used 87383K, capacity 89536K, committed 89984K, reserved 1128448K
  class space    used 11016K, capacity 11782K, committed 11980K, reserved 1048576K
}
Event: 22.338 GC heap before
{Heap before GC invocations=33 (full 0):
 garbage-first heap   total 165888K, used 88541K [0x0000000080000000, 0x0000000100000000)
  region size 1024K, 8 young (8192K), 3 survivors (3072K)
 Metaspace       used 87506K, capacity 89614K, committed 89984K, reserved 1128448K
  class space    used 11023K, capacity 11784K, committed 11980K, reserved 1048576K
}
Event: 22.342 GC heap after
{Heap after GC invocations=34 (full 0):
 garbage-first heap   total 165888K, used 75715K [0x0000000080000000, 0x0000000100000000)
  region size 1024K, 1 young (1024K), 1 survivors (1024K)
 Metaspace       used 87506K, capacity 89614K, committed 89984K, reserved 1128448K
  class space    used 11023K, capacity 11784K, committed 11980K, reserved 1048576K
}
Event: 23.290 GC heap before
{Heap before GC invocations=34 (full 0):
 garbage-first heap   total 165888K, used 125891K [0x0000000080000000, 0x0000000100000000)
  region size 1024K, 51 young (52224K), 1 survivors (1024K)
 Metaspace       used 90409K, capacity 92566K, committed 92928K, reserved 1130496K
  class space    used 11404K, capacity 12148K, committed 12364K, reserved 1048576K
}
Event: 23.296 GC heap after
{Heap after GC invocations=35 (full 0):
 garbage-first heap   total 165888K, used 76395K [0x0000000080000000, 0x0000000100000000)
  region size 1024K, 2 young (2048K), 2 survivors (2048K)
 Metaspace       used 90409K, capacity 92566K, committed 92928K, reserved 1130496K
  class space    used 11404K, capacity 12148K, committed 12364K, reserved 1048576K
}
Event: 24.510 GC heap before
{Heap before GC invocations=36 (full 0):
 garbage-first heap   total 165888K, used 128619K [0x0000000080000000, 0x0000000100000000)
  region size 1024K, 54 young (55296K), 2 survivors (2048K)
 Metaspace       used 92464K, capacity 94625K, committed 94848K, reserved 1132544K
  class space    used 11606K, capacity 12374K, committed 12492K, reserved 1048576K
}
Event: 24.518 GC heap after
{Heap after GC invocations=37 (full 0):
 garbage-first heap   total 165888K, used 79672K [0x0000000080000000, 0x0000000100000000)
  region size 1024K, 5 young (5120K), 5 survivors (5120K)
 Metaspace       used 92464K, capacity 94625K, committed 94848K, reserved 1132544K
  class space    used 11606K, capacity 12374K, committed 12492K, reserved 1048576K
}
Event: 24.563 GC heap before
{Heap before GC invocations=37 (full 0):
 garbage-first heap   total 165888K, used 82744K [0x0000000080000000, 0x0000000100000000)
  region size 1024K, 8 young (8192K), 5 survivors (5120K)
 Metaspace       used 92626K, capacity 94768K, committed 95104K, reserved 1132544K
  class space    used 11629K, capacity 12378K, committed 12492K, reserved 1048576K
}
Event: 24.581 GC heap after
{Heap after GC invocations=38 (full 0):
 garbage-first heap   total 199680K, used 75418K [0x0000000080000000, 0x0000000100000000)
  region size 1024K, 1 young (1024K), 1 survivors (1024K)
 Metaspace       used 92626K, capacity 94768K, committed 95104K, reserved 1132544K
  class space    used 11629K, capacity 12378K, committed 12492K, reserved 1048576K
}
Event: 26.127 GC heap before
{Heap before GC invocations=38 (full 0):
 garbage-first heap   total 199680K, used 150170K [0x0000000080000000, 0x0000000100000000)
  region size 1024K, 76 young (77824K), 1 survivors (1024K)
 Metaspace       used 93909K, capacity 96170K, committed 96384K, reserved 1132544K
  class space    used 11778K, capacity 12614K, committed 12748K, reserved 1048576K
}
Event: 26.138 GC heap after
{Heap after GC invocations=39 (full 0):
 garbage-first heap   total 199680K, used 84992K [0x0000000080000000, 0x0000000100000000)
  region size 1024K, 10 young (10240K), 10 survivors (10240K)
 Metaspace       used 93909K, capacity 96170K, committed 96384K, reserved 1132544K
  class space    used 11778K, capacity 12614K, committed 12748K, reserved 1048576K
}
Event: 26.673 GC heap before
{Heap before GC invocations=39 (full 0):
 garbage-first heap   total 199680K, used 154624K [0x0000000080000000, 0x0000000100000000)
  region size 1024K, 77 young (78848K), 10 survivors (10240K)
 Metaspace       used 97043K, capacity 99561K, committed 99712K, reserved 1136640K
  class space    used 12257K, capacity 13156K, committed 13260K, reserved 1048576K
}
Event: 26.684 GC heap after
{Heap after GC invocations=40 (full 0):
 garbage-first heap   total 199680K, used 90229K [0x0000000080000000, 0x0000000100000000)
  region size 1024K, 10 young (10240K), 10 survivors (10240K)
 Metaspace       used 97043K, capacity 99561K, committed 99712K, reserved 1136640K
  class space    used 12257K, capacity 13156K, committed 13260K, reserved 1048576K
}
Event: 27.156 GC heap before
{Heap before GC invocations=40 (full 0):
 garbage-first heap   total 199680K, used 152693K [0x0000000080000000, 0x0000000100000000)
  region size 1024K, 72 young (73728K), 10 survivors (10240K)
 Metaspace       used 99117K, capacity 101695K, committed 101760K, reserved 1138688K
  class space    used 12537K, capacity 13480K, committed 13516K, reserved 1048576K
}
Event: 27.179 GC heap after
{Heap after GC invocations=41 (full 0):
 garbage-first heap   total 199680K, used 98371K [0x0000000080000000, 0x0000000100000000)
  region size 1024K, 9 young (9216K), 9 survivors (9216K)
 Metaspace       used 99117K, capacity 101695K, committed 101760K, reserved 1138688K
  class space    used 12537K, capacity 13480K, committed 13516K, reserved 1048576K
}
Event: 27.616 GC heap before
{Heap before GC invocations=41 (full 0):
 garbage-first heap   total 199680K, used 154691K [0x0000000080000000, 0x0000000100000000)
  region size 1024K, 64 young (65536K), 9 survivors (9216K)
 Metaspace       used 100271K, capacity 102944K, committed 103040K, reserved 1138688K
  class space    used 12714K, capacity 13728K, committed 13772K, reserved 1048576K
}

