# JRE version: OpenJDK Runtime Environment (11.0.12+7) (build 11.0.12+7-b1504.28-7817840)
# Java VM: OpenJDK 64-Bit Server VM (11.0.12+7-b1504.28-7817840, mixed mode, tiered, compressed oops, g1 gc, windows-amd64)
Heap:
 garbage-first heap   total 448512K, used 178324K [0x0000000080000000, 0x0000000100000000)
  region size 1024K, 11 young (11264K), 11 survivors (11264K)
 Metaspace       used 102508K, capacity 105084K, committed 105420K, reserved 1140736K
  class space    used 13311K, capacity 14314K, committed 14540K, reserved 1048576K
GC Heap History (20 events):
Event: 18.081 GC heap after
{Heap after GC invocations=24 (full 0):
 garbage-first heap   total 315392K, used 169761K [0x0000000080000000, 0x0000000100000000)
  region size 1024K, 3 young (3072K), 3 survivors (3072K)
 Metaspace       used 100033K, capacity 102528K, committed 103116K, reserved 1138688K
  class space    used 13115K, capacity 14042K, committed 14284K, reserved 1048576K
}
Event: 18.672 GC heap before
{Heap before GC invocations=25 (full 0):
 garbage-first heap   total 315392K, used 250657K [0x0000000080000000, 0x0000000100000000)
  region size 1024K, 82 young (83968K), 3 survivors (3072K)
 Metaspace       used 100115K, capacity 102482K, committed 103372K, reserved 1138688K
  class space    used 13066K, capacity 13940K, committed 14284K, reserved 1048576K
}
Event: 18.688 GC heap after
{Heap after GC invocations=26 (full 0):
 garbage-first heap   total 315392K, used 170768K [0x0000000080000000, 0x0000000100000000)
  region size 1024K, 4 young (4096K), 4 survivors (4096K)
 Metaspace       used 100115K, capacity 102482K, committed 103372K, reserved 1138688K
  class space    used 13066K, capacity 13940K, committed 14284K, reserved 1048576K
}
Event: 18.957 GC heap before
{Heap before GC invocations=26 (full 0):
 garbage-first heap   total 315392K, used 253712K [0x0000000080000000, 0x0000000100000000)
  region size 1024K, 85 young (87040K), 4 survivors (4096K)
 Metaspace       used 100126K, capacity 102515K, committed 103500K, reserved 1138688K
  class space    used 13068K, capacity 13972K, committed 14412K, reserved 1048576K
}
Event: 18.967 GC heap after
{Heap after GC invocations=27 (full 0):
 garbage-first heap   total 315392K, used 171500K [0x0000000080000000, 0x0000000100000000)
  region size 1024K, 4 young (4096K), 4 survivors (4096K)
 Metaspace       used 100126K, capacity 102515K, committed 103500K, reserved 1138688K
  class space    used 13068K, capacity 13972K, committed 14412K, reserved 1048576K
}
Event: 19.227 GC heap before
{Heap before GC invocations=27 (full 0):
 garbage-first heap   total 315392K, used 257516K [0x0000000080000000, 0x0000000100000000)
  region size 1024K, 88 young (90112K), 4 survivors (4096K)
 Metaspace       used 100131K, capacity 102520K, committed 103500K, reserved 1138688K
  class space    used 13069K, capacity 13974K, committed 14412K, reserved 1048576K
}
Event: 19.237 GC heap after
{Heap after GC invocations=28 (full 0):
 garbage-first heap   total 315392K, used 172796K [0x0000000080000000, 0x0000000100000000)
  region size 1024K, 6 young (6144K), 6 survivors (6144K)
 Metaspace       used 100131K, capacity 102520K, committed 103500K, reserved 1138688K
  class space    used 13069K, capacity 13974K, committed 14412K, reserved 1048576K
}
Event: 19.755 GC heap before
{Heap before GC invocations=29 (full 0):
 garbage-first heap   total 315392K, used 258812K [0x0000000080000000, 0x0000000100000000)
  region size 1024K, 91 young (93184K), 6 survivors (6144K)
 Metaspace       used 100229K, capacity 102659K, committed 103756K, reserved 1138688K
  class space    used 13071K, capacity 13977K, committed 14412K, reserved 1048576K
}
Event: 19.771 GC heap after
{Heap after GC invocations=30 (full 0):
 garbage-first heap   total 378880K, used 173177K [0x0000000080000000, 0x0000000100000000)
  region size 1024K, 6 young (6144K), 6 survivors (6144K)
 Metaspace       used 100229K, capacity 102659K, committed 103756K, reserved 1138688K
  class space    used 13071K, capacity 13977K, committed 14412K, reserved 1048576K
}
Event: 20.086 GC heap before
{Heap before GC invocations=30 (full 0):
 garbage-first heap   total 378880K, used 294009K [0x0000000080000000, 0x0000000100000000)
  region size 1024K, 124 young (126976K), 6 survivors (6144K)
 Metaspace       used 100358K, capacity 102748K, committed 103756K, reserved 1138688K
  class space    used 13080K, capacity 13981K, committed 14412K, reserved 1048576K
}
Event: 20.106 GC heap after
{Heap after GC invocations=31 (full 0):
 garbage-first heap   total 378880K, used 171734K [0x0000000080000000, 0x0000000100000000)
  region size 1024K, 5 young (5120K), 5 survivors (5120K)
 Metaspace       used 100358K, capacity 102748K, committed 103756K, reserved 1138688K
  class space    used 13080K, capacity 13981K, committed 14412K, reserved 1048576K
}
Event: 20.498 GC heap before
{Heap before GC invocations=31 (full 0):
 garbage-first heap   total 378880K, used 298710K [0x0000000080000000, 0x0000000100000000)
  region size 1024K, 130 young (133120K), 5 survivors (5120K)
 Metaspace       used 100659K, capacity 103030K, committed 104012K, reserved 1138688K
  class space    used 13086K, capacity 13987K, committed 14412K, reserved 1048576K
}
Event: 20.507 GC heap after
{Heap after GC invocations=32 (full 0):
 garbage-first heap   total 378880K, used 172836K [0x0000000080000000, 0x0000000100000000)
  region size 1024K, 6 young (6144K), 6 survivors (6144K)
 Metaspace       used 100659K, capacity 103030K, committed 104012K, reserved 1138688K
  class space    used 13086K, capacity 13987K, committed 14412K, reserved 1048576K
}
Event: 20.733 GC heap before
{Heap before GC invocations=32 (full 0):
 garbage-first heap   total 378880K, used 304932K [0x0000000080000000, 0x0000000100000000)
  region size 1024K, 135 young (138240K), 6 survivors (6144K)
 Metaspace       used 100777K, capacity 103174K, committed 104012K, reserved 1138688K
  class space    used 13087K, capacity 13988K, committed 14412K, reserved 1048576K
}
Event: 20.741 GC heap after
{Heap after GC invocations=33 (full 0):
 garbage-first heap   total 378880K, used 172748K [0x0000000080000000, 0x0000000100000000)
  region size 1024K, 6 young (6144K), 6 survivors (6144K)
 Metaspace       used 100777K, capacity 103174K, committed 104012K, reserved 1138688K
  class space    used 13087K, capacity 13988K, committed 14412K, reserved 1048576K
}
Event: 21.010 GC heap before
{Heap before GC invocations=33 (full 0):
 garbage-first heap   total 378880K, used 308940K [0x0000000080000000, 0x0000000100000000)
  region size 1024K, 140 young (143360K), 6 survivors (6144K)
 Metaspace       used 101705K, capacity 104177K, committed 104780K, reserved 1140736K
  class space    used 13204K, capacity 14125K, committed 14412K, reserved 1048576K
}
Event: 21.022 GC heap after
{Heap after GC invocations=34 (full 0):
 garbage-first heap   total 378880K, used 174156K [0x0000000080000000, 0x0000000100000000)
  region size 1024K, 7 young (7168K), 7 survivors (7168K)
 Metaspace       used 101705K, capacity 104177K, committed 104780K, reserved 1140736K
  class space    used 13204K, capacity 14125K, committed 14412K, reserved 1048576K
}
Event: 21.346 GC heap before
{Heap before GC invocations=34 (full 0):
 garbage-first heap   total 378880K, used 315468K [0x0000000080000000, 0x0000000100000000)
  region size 1024K, 145 young (148480K), 7 survivors (7168K)
 Metaspace       used 102339K, capacity 104891K, committed 105420K, reserved 1140736K
  class space    used 13288K, capacity 14273K, committed 14540K, reserved 1048576K
}
Event: 21.357 GC heap after
{Heap after GC invocations=35 (full 0):
 garbage-first heap   total 378880K, used 173799K [0x0000000080000000, 0x0000000100000000)
  region size 1024K, 7 young (7168K), 7 survivors (7168K)
 Metaspace       used 102339K, capacity 104891K, committed 105420K, reserved 1140736K
  class space    used 13288K, capacity 14273K, committed 14540K, reserved 1048576K
}
Event: 21.648 GC heap before
{Heap before GC invocations=35 (full 0):
 garbage-first heap   total 378880K, used 319207K [0x0000000080000000, 0x0000000100000000)
  region size 1024K, 149 young (152576K), 7 survivors (7168K)
 Metaspace       used 102508K, capacity 105084K, committed 105420K, reserved 1140736K
  class space    used 13311K, capacity 14314K, committed 14540K, reserved 1048576K
}

