# JRE version: OpenJDK Runtime Environment (11.0.10) (build 11.0.10+0-b96-7249189)
# Java VM: OpenJDK 64-Bit Server VM (11.0.10+0-b96-7249189, mixed mode, tiered, compressed oops, g1 gc, windows-amd64)
Heap:
 garbage-first heap   total 265216K, used 116691K [0x0000000080000000, 0x0000000100000000)
  region size 1024K, 4 young (4096K), 4 survivors (4096K)
 Metaspace       used 91248K, capacity 93611K, committed 93696K, reserved 1130496K
  class space    used 11969K, capacity 12846K, committed 12876K, reserved 1048576K
GC Heap History (20 events):
Event: 21.842 GC heap after
{Heap after GC invocations=31 (full 0):
 garbage-first heap   total 114688K, used 81499K [0x0000000080000000, 0x0000000100000000)
  region size 1024K, 3 young (3072K), 3 survivors (3072K)
 Metaspace       used 85405K, capacity 87527K, committed 87680K, reserved 1124352K
  class space    used 11090K, capacity 11857K, committed 11980K, reserved 1048576K
}
Event: 22.230 GC heap before
{Heap before GC invocations=32 (full 0):
 garbage-first heap   total 114688K, used 94811K [0x0000000080000000, 0x0000000100000000)
  region size 1024K, 16 young (16384K), 3 survivors (3072K)
 Metaspace       used 87224K, capacity 89528K, committed 89728K, reserved 1126400K
  class space    used 11393K, capacity 12223K, committed 12236K, reserved 1048576K
}
Event: 22.237 GC heap after
{Heap after GC invocations=33 (full 0):
 garbage-first heap   total 114688K, used 83207K [0x0000000080000000, 0x0000000100000000)
  region size 1024K, 2 young (2048K), 2 survivors (2048K)
 Metaspace       used 87224K, capacity 89528K, committed 89728K, reserved 1126400K
  class space    used 11393K, capacity 12223K, committed 12236K, reserved 1048576K
}
Event: 22.350 GC heap before
{Heap before GC invocations=33 (full 0):
 garbage-first heap   total 114688K, used 95495K [0x0000000080000000, 0x0000000100000000)
  region size 1024K, 14 young (14336K), 2 survivors (2048K)
 Metaspace       used 87750K, capacity 90060K, committed 90368K, reserved 1128448K
  class space    used 11457K, capacity 12293K, committed 12364K, reserved 1048576K
}
Event: 22.359 GC heap after
{Heap after GC invocations=34 (full 0):
 garbage-first heap   total 138240K, used 85330K [0x0000000080000000, 0x0000000100000000)
  region size 1024K, 2 young (2048K), 2 survivors (2048K)
 Metaspace       used 87750K, capacity 90060K, committed 90368K, reserved 1128448K
  class space    used 11457K, capacity 12293K, committed 12364K, reserved 1048576K
}
Event: 22.716 GC heap before
{Heap before GC invocations=35 (full 0):
 garbage-first heap   total 138240K, used 105810K [0x0000000080000000, 0x0000000100000000)
  region size 1024K, 22 young (22528K), 2 survivors (2048K)
 Metaspace       used 88538K, capacity 90867K, committed 91264K, reserved 1128448K
  class space    used 11555K, capacity 12408K, committed 12492K, reserved 1048576K
}
Event: 22.726 GC heap after
{Heap after GC invocations=36 (full 0):
 garbage-first heap   total 138240K, used 89597K [0x0000000080000000, 0x0000000100000000)
  region size 1024K, 3 young (3072K), 3 survivors (3072K)
 Metaspace       used 88538K, capacity 90867K, committed 91264K, reserved 1128448K
  class space    used 11555K, capacity 12408K, committed 12492K, reserved 1048576K
}
Event: 22.871 GC heap before
{Heap before GC invocations=36 (full 0):
 garbage-first heap   total 138240K, used 109053K [0x0000000080000000, 0x0000000100000000)
  region size 1024K, 22 young (22528K), 3 survivors (3072K)
 Metaspace       used 88848K, capacity 91163K, committed 91520K, reserved 1128448K
  class space    used 11590K, capacity 12441K, committed 12492K, reserved 1048576K
}
Event: 22.887 GC heap after
{Heap after GC invocations=37 (full 0):
 garbage-first heap   total 138240K, used 93864K [0x0000000080000000, 0x0000000100000000)
  region size 1024K, 3 young (3072K), 3 survivors (3072K)
 Metaspace       used 88848K, capacity 91163K, committed 91520K, reserved 1128448K
  class space    used 11590K, capacity 12441K, committed 12492K, reserved 1048576K
}
Event: 23.104 GC heap before
{Heap before GC invocations=37 (full 0):
 garbage-first heap   total 138240K, used 111272K [0x0000000080000000, 0x0000000100000000)
  region size 1024K, 20 young (20480K), 3 survivors (3072K)
 Metaspace       used 89219K, capacity 91464K, committed 92160K, reserved 1128448K
  class space    used 11606K, capacity 12399K, committed 12620K, reserved 1048576K
}
Event: 23.118 GC heap after
{Heap after GC invocations=38 (full 0):
 garbage-first heap   total 138240K, used 97547K [0x0000000080000000, 0x0000000100000000)
  region size 1024K, 3 young (3072K), 3 survivors (3072K)
 Metaspace       used 89219K, capacity 91464K, committed 92160K, reserved 1128448K
  class space    used 11606K, capacity 12399K, committed 12620K, reserved 1048576K
}
Event: 23.205 GC heap before
{Heap before GC invocations=39 (full 0):
 garbage-first heap   total 138240K, used 111883K [0x0000000080000000, 0x0000000100000000)
  region size 1024K, 18 young (18432K), 3 survivors (3072K)
 Metaspace       used 89676K, capacity 91907K, committed 92416K, reserved 1128448K
  class space    used 11642K, capacity 12440K, committed 12620K, reserved 1048576K
}
Event: 23.219 GC heap after
{Heap after GC invocations=40 (full 0):
 garbage-first heap   total 177152K, used 100936K [0x0000000080000000, 0x0000000100000000)
  region size 1024K, 3 young (3072K), 3 survivors (3072K)
 Metaspace       used 89676K, capacity 91907K, committed 92416K, reserved 1128448K
  class space    used 11642K, capacity 12440K, committed 12620K, reserved 1048576K
}
Event: 23.253 GC heap before
{Heap before GC invocations=40 (full 0):
 garbage-first heap   total 177152K, used 106056K [0x0000000080000000, 0x0000000100000000)
  region size 1024K, 8 young (8192K), 3 survivors (3072K)
 Metaspace       used 89867K, capacity 92157K, committed 92416K, reserved 1128448K
  class space    used 11708K, capacity 12552K, committed 12620K, reserved 1048576K
}
Event: 23.261 GC heap after
{Heap after GC invocations=41 (full 0):
 garbage-first heap   total 177152K, used 102310K [0x0000000080000000, 0x0000000100000000)
  region size 1024K, 1 young (1024K), 1 survivors (1024K)
 Metaspace       used 89867K, capacity 92157K, committed 92416K, reserved 1128448K
  class space    used 11708K, capacity 12552K, committed 12620K, reserved 1048576K
}
Event: 23.365 GC heap before
{Heap before GC invocations=41 (full 0):
 garbage-first heap   total 177152K, used 129958K [0x0000000080000000, 0x0000000100000000)
  region size 1024K, 28 young (28672K), 1 survivors (1024K)
 Metaspace       used 90135K, capacity 92493K, committed 92800K, reserved 1130496K
  class space    used 11751K, capacity 12618K, committed 12748K, reserved 1048576K
}
Event: 23.375 GC heap after
{Heap after GC invocations=42 (full 0):
 garbage-first heap   total 177152K, used 107401K [0x0000000080000000, 0x0000000100000000)
  region size 1024K, 4 young (4096K), 4 survivors (4096K)
 Metaspace       used 90135K, capacity 92493K, committed 92800K, reserved 1130496K
  class space    used 11751K, capacity 12618K, committed 12748K, reserved 1048576K
}
Event: 23.531 GC heap before
{Heap before GC invocations=42 (full 0):
 garbage-first heap   total 177152K, used 134025K [0x0000000080000000, 0x0000000100000000)
  region size 1024K, 30 young (30720K), 4 survivors (4096K)
 Metaspace       used 90881K, capacity 93243K, committed 93440K, reserved 1130496K
  class space    used 11887K, capacity 12761K, committed 12876K, reserved 1048576K
}
Event: 23.542 GC heap after
{Heap after GC invocations=43 (full 0):
 garbage-first heap   total 177152K, used 111970K [0x0000000080000000, 0x0000000100000000)
  region size 1024K, 4 young (4096K), 4 survivors (4096K)
 Metaspace       used 90881K, capacity 93243K, committed 93440K, reserved 1130496K
  class space    used 11887K, capacity 12761K, committed 12876K, reserved 1048576K
}
Event: 23.693 GC heap before
{Heap before GC invocations=44 (full 0):
 garbage-first heap   total 177152K, used 137570K [0x0000000080000000, 0x0000000100000000)
  region size 1024K, 29 young (29696K), 4 survivors (4096K)
 Metaspace       used 91248K, capacity 93611K, committed 93696K, reserved 1130496K
  class space    used 11969K, capacity 12846K, committed 12876K, reserved 1048576K
}

